<?xml version="1.0" encoding="UTF-8"?>
<!-- Generated by org.testng.reporters.JUnitXMLReporter -->
<testsuite ignored="0" hostname="DESKTOP-N007E2T" failures="0" tests="3" name="Default test" time="29.362" errors="0" timestamp="2024-03-14T11:15:32 IST">
  <testcase classname="dataprovider.d1" name="DataProvSampleTest" time="15.345"/>
  <testcase classname="dataprovider.d1" name="DataProvSampleTest" time="7.209"/>
  <testcase classname="dataprovider.d1" name="DataProvSampleTest" time="6.739"/>
</testsuite> <!-- Default test -->
