<?xml version="1.0" encoding="UTF-8"?>
<testng-results ignored="0" total="3" passed="3" failed="0" skipped="0">
  <reporter-output>
  </reporter-output>
  <suite started-at="2024-03-14T11:15:02 IST" name="Default suite" finished-at="2024-03-14T11:15:32 IST" duration-ms="29362">
    <groups>
    </groups>
    <test started-at="2024-03-14T11:15:02 IST" name="Default test" finished-at="2024-03-14T11:15:32 IST" duration-ms="29362">
      <class name="dataprovider.d1">
        <test-method signature="DataProvSampleTest(java.lang.String,java.lang.String,java.lang.String)[pri:0, instance:dataprovider.d1@41fbdac4]" started-at="2024-03-14T11:15:02 IST" name="DataProvSampleTest" data-provider="dhivya" finished-at="2024-03-14T11:15:18 IST" duration-ms="15345" status="PASS">
          <params>
            <param index="0">
              <value>
                <![CDATA[valid]]>
              </value>
            </param>
            <param index="1">
              <value>
                <![CDATA[Dhivyakarthi123]]>
              </value>
            </param>
            <param index="2">
              <value>
                <![CDATA[12345]]>
              </value>
            </param>
          </params>
          <reporter-output>
          </reporter-output>
        </test-method> <!-- DataProvSampleTest -->
        <test-method signature="DataProvSampleTest(java.lang.String,java.lang.String,java.lang.String)[pri:0, instance:dataprovider.d1@41fbdac4]" started-at="2024-03-14T11:15:18 IST" name="DataProvSampleTest" data-provider="dhivya" finished-at="2024-03-14T11:15:25 IST" duration-ms="7209" status="PASS">
          <params>
            <param index="0">
              <value>
                <![CDATA[invalid]]>
              </value>
            </param>
            <param index="1">
              <value>
                <![CDATA[DDD]]>
              </value>
            </param>
            <param index="2">
              <value>
                <![CDATA[555]]>
              </value>
            </param>
          </params>
          <reporter-output>
          </reporter-output>
        </test-method> <!-- DataProvSampleTest -->
        <test-method signature="DataProvSampleTest(java.lang.String,java.lang.String,java.lang.String)[pri:0, instance:dataprovider.d1@41fbdac4]" started-at="2024-03-14T11:15:25 IST" name="DataProvSampleTest" data-provider="dhivya" finished-at="2024-03-14T11:15:32 IST" duration-ms="6739" status="PASS">
          <params>
            <param index="0">
              <value>
                <![CDATA[in]]>
              </value>
            </param>
            <param index="1">
              <value>
                <![CDATA[DEEPA]]>
              </value>
            </param>
            <param index="2">
              <value>
                <![CDATA[3456]]>
              </value>
            </param>
          </params>
          <reporter-output>
          </reporter-output>
        </test-method> <!-- DataProvSampleTest -->
      </class> <!-- dataprovider.d1 -->
    </test> <!-- Default test -->
  </suite> <!-- Default suite -->
</testng-results>
